<?xml version="1.0" encoding="UTF-8"?>
<testng-results ignored="12" total="19" passed="7" failed="0" skipped="0">
  <reporter-output>
  </reporter-output>
  <suite started-at="2024-09-20T12:55:49Z" name="Suite" finished-at="2024-09-20T12:57:59Z" duration-ms="129688">
    <groups>
    </groups>
    <test started-at="2024-09-20T12:55:49Z" name="Test" finished-at="2024-09-20T12:57:59Z" duration-ms="129688">
      <class name="com.bpl.hrm.projectstest.DeleteProjectTest">
        <test-method is-config="true" signature="configBC()[pri:0, instance:com.bpl.hrm.projectstest.DeleteProjectTest@7ce026d3]" started-at="2024-09-20T12:57:42Z" name="configBC" finished-at="2024-09-20T12:57:44Z" duration-ms="2664" status="PASS">
          <reporter-output>
          </reporter-output>
        </test-method> <!-- configBC -->
        <test-method is-config="true" signature="configBM()[pri:0, instance:com.bpl.hrm.projectstest.DeleteProjectTest@7ce026d3]" started-at="2024-09-20T12:57:44Z" name="configBM" finished-at="2024-09-20T12:57:47Z" duration-ms="2573" status="PASS">
          <reporter-output>
          </reporter-output>
        </test-method> <!-- configBM -->
        <test-method signature="deleteProject()[pri:0, instance:com.bpl.hrm.projectstest.DeleteProjectTest@7ce026d3]" started-at="2024-09-20T12:57:47Z" name="deleteProject" finished-at="2024-09-20T12:57:51Z" duration-ms="4358" status="PASS">
          <reporter-output>
          </reporter-output>
        </test-method> <!-- deleteProject -->
        <test-method is-config="true" signature="configAM()[pri:0, instance:com.bpl.hrm.projectstest.DeleteProjectTest@7ce026d3]" started-at="2024-09-20T12:57:51Z" name="configAM" finished-at="2024-09-20T12:57:58Z" duration-ms="7062" status="PASS">
          <reporter-output>
          </reporter-output>
        </test-method> <!-- configAM -->
        <test-method is-config="true" signature="configAC()[pri:0, instance:com.bpl.hrm.projectstest.DeleteProjectTest@7ce026d3]" started-at="2024-09-20T12:57:58Z" name="configAC" finished-at="2024-09-20T12:57:59Z" duration-ms="538" status="PASS">
          <reporter-output>
          </reporter-output>
        </test-method> <!-- configAC -->
      </class> <!-- com.bpl.hrm.projectstest.DeleteProjectTest -->
      <class name="com.bpl.hrm.resourcestest.DownloadFileFromResourcesTest">
        <test-method is-config="true" signature="configBC()[pri:0, instance:com.bpl.hrm.resourcestest.DownloadFileFromResourcesTest@14028087]" started-at="2024-09-20T12:56:46Z" name="configBC" finished-at="2024-09-20T12:56:48Z" duration-ms="2541" status="PASS">
          <reporter-output>
          </reporter-output>
        </test-method> <!-- configBC -->
        <test-method is-config="true" signature="configBM()[pri:0, instance:com.bpl.hrm.resourcestest.DownloadFileFromResourcesTest@14028087]" started-at="2024-09-20T12:56:48Z" name="configBM" finished-at="2024-09-20T12:56:51Z" duration-ms="2746" status="PASS">
          <reporter-output>
          </reporter-output>
        </test-method> <!-- configBM -->
        <test-method signature="downloadExcelFile()[pri:0, instance:com.bpl.hrm.resourcestest.DownloadFileFromResourcesTest@14028087]" started-at="2024-09-20T12:56:51Z" name="downloadExcelFile" finished-at="2024-09-20T12:56:53Z" duration-ms="1748" status="PASS">
          <reporter-output>
          </reporter-output>
        </test-method> <!-- downloadExcelFile -->
        <test-method is-config="true" signature="configAM()[pri:0, instance:com.bpl.hrm.resourcestest.DownloadFileFromResourcesTest@14028087]" started-at="2024-09-20T12:56:53Z" name="configAM" finished-at="2024-09-20T12:57:00Z" duration-ms="7134" status="PASS">
          <reporter-output>
          </reporter-output>
        </test-method> <!-- configAM -->
        <test-method is-config="true" signature="configAC()[pri:0, instance:com.bpl.hrm.resourcestest.DownloadFileFromResourcesTest@14028087]" started-at="2024-09-20T12:57:00Z" name="configAC" finished-at="2024-09-20T12:57:00Z" duration-ms="658" status="PASS">
          <reporter-output>
          </reporter-output>
        </test-method> <!-- configAC -->
      </class> <!-- com.bpl.hrm.resourcestest.DownloadFileFromResourcesTest -->
      <class name="com.bpl.hrm.payrolltest.ActivePayrollTest">
        <test-method is-config="true" signature="configBS()[pri:0, instance:com.bpl.hrm.payrolltest.ActivePayrollTest@2767e23c]" started-at="2024-09-20T12:55:49Z" name="configBS" finished-at="2024-09-20T12:55:49Z" duration-ms="310" status="PASS">
          <reporter-output>
          </reporter-output>
        </test-method> <!-- configBS -->
        <test-method is-config="true" signature="configBC()[pri:0, instance:com.bpl.hrm.payrolltest.ActivePayrollTest@2767e23c]" started-at="2024-09-20T12:55:49Z" name="configBC" finished-at="2024-09-20T12:55:53Z" duration-ms="3611" status="PASS">
          <reporter-output>
          </reporter-output>
        </test-method> <!-- configBC -->
        <test-method is-config="true" signature="configBM()[pri:0, instance:com.bpl.hrm.payrolltest.ActivePayrollTest@2767e23c]" started-at="2024-09-20T12:55:53Z" name="configBM" finished-at="2024-09-20T12:55:56Z" duration-ms="3093" status="PASS">
          <reporter-output>
          </reporter-output>
        </test-method> <!-- configBM -->
        <test-method signature="updatePayroll()[pri:0, instance:com.bpl.hrm.payrolltest.ActivePayrollTest@2767e23c]" started-at="2024-09-20T12:55:56Z" name="updatePayroll" finished-at="2024-09-20T12:56:09Z" duration-ms="12691" status="PASS">
          <reporter-output>
          </reporter-output>
        </test-method> <!-- updatePayroll -->
        <test-method is-config="true" signature="configAM()[pri:0, instance:com.bpl.hrm.payrolltest.ActivePayrollTest@2767e23c]" started-at="2024-09-20T12:56:09Z" name="configAM" finished-at="2024-09-20T12:56:16Z" duration-ms="7714" status="PASS">
          <reporter-output>
          </reporter-output>
        </test-method> <!-- configAM -->
        <test-method is-config="true" signature="configAC()[pri:0, instance:com.bpl.hrm.payrolltest.ActivePayrollTest@2767e23c]" started-at="2024-09-20T12:56:16Z" name="configAC" finished-at="2024-09-20T12:56:17Z" duration-ms="586" status="PASS">
          <reporter-output>
          </reporter-output>
        </test-method> <!-- configAC -->
        <test-method is-config="true" signature="configAS()[pri:0, instance:com.bpl.hrm.payrolltest.ActivePayrollTest@2767e23c]" started-at="2024-09-20T12:57:59Z" name="configAS" finished-at="2024-09-20T12:57:59Z" duration-ms="14" status="PASS">
          <reporter-output>
          </reporter-output>
        </test-method> <!-- configAS -->
      </class> <!-- com.bpl.hrm.payrolltest.ActivePayrollTest -->
      <class name="com.bpl.hrm.projectstest.ExportProjectsTest">
        <test-method is-config="true" signature="configBC()[pri:0, instance:com.bpl.hrm.projectstest.ExportProjectsTest@5386659f]" started-at="2024-09-20T12:56:30Z" name="configBC" finished-at="2024-09-20T12:56:33Z" duration-ms="2499" status="PASS">
          <reporter-output>
          </reporter-output>
        </test-method> <!-- configBC -->
        <test-method is-config="true" signature="configBM()[pri:0, instance:com.bpl.hrm.projectstest.ExportProjectsTest@5386659f]" started-at="2024-09-20T12:56:33Z" name="configBM" finished-at="2024-09-20T12:56:36Z" duration-ms="3015" status="PASS">
          <reporter-output>
          </reporter-output>
        </test-method> <!-- configBM -->
        <test-method signature="exportProjectDetails()[pri:0, instance:com.bpl.hrm.projectstest.ExportProjectsTest@5386659f]" started-at="2024-09-20T12:56:36Z" name="exportProjectDetails" finished-at="2024-09-20T12:56:37Z" duration-ms="1086" status="PASS">
          <reporter-output>
          </reporter-output>
        </test-method> <!-- exportProjectDetails -->
        <test-method is-config="true" signature="configAM()[pri:0, instance:com.bpl.hrm.projectstest.ExportProjectsTest@5386659f]" started-at="2024-09-20T12:56:37Z" name="configAM" finished-at="2024-09-20T12:56:45Z" duration-ms="8194" status="PASS">
          <reporter-output>
          </reporter-output>
        </test-method> <!-- configAM -->
        <test-method is-config="true" signature="configAC()[pri:0, instance:com.bpl.hrm.projectstest.ExportProjectsTest@5386659f]" started-at="2024-09-20T12:56:45Z" name="configAC" finished-at="2024-09-20T12:56:46Z" duration-ms="551" status="PASS">
          <reporter-output>
          </reporter-output>
        </test-method> <!-- configAC -->
      </class> <!-- com.bpl.hrm.projectstest.ExportProjectsTest -->
      <class name="com.bpl.hrm.settingstest.BearerTokenGenerationTest">
        <test-method is-config="true" signature="configBC()[pri:0, instance:com.bpl.hrm.settingstest.BearerTokenGenerationTest@710c2b53]" started-at="2024-09-20T12:56:17Z" name="configBC" finished-at="2024-09-20T12:56:20Z" duration-ms="2559" status="PASS">
          <reporter-output>
          </reporter-output>
        </test-method> <!-- configBC -->
        <test-method is-config="true" signature="configBM()[pri:0, instance:com.bpl.hrm.settingstest.BearerTokenGenerationTest@710c2b53]" started-at="2024-09-20T12:56:20Z" name="configBM" finished-at="2024-09-20T12:56:22Z" duration-ms="2840" status="PASS">
          <reporter-output>
          </reporter-output>
        </test-method> <!-- configBM -->
        <test-method signature="bearerTokenGeneration()[pri:0, instance:com.bpl.hrm.settingstest.BearerTokenGenerationTest@710c2b53]" started-at="2024-09-20T12:56:22Z" name="bearerTokenGeneration" finished-at="2024-09-20T12:56:23Z" duration-ms="491" status="PASS">
          <reporter-output>
          </reporter-output>
        </test-method> <!-- bearerTokenGeneration -->
        <test-method is-config="true" signature="configAM()[pri:0, instance:com.bpl.hrm.settingstest.BearerTokenGenerationTest@710c2b53]" started-at="2024-09-20T12:56:23Z" name="configAM" finished-at="2024-09-20T12:56:30Z" duration-ms="6849" status="PASS">
          <reporter-output>
          </reporter-output>
        </test-method> <!-- configAM -->
        <test-method is-config="true" signature="configAC()[pri:0, instance:com.bpl.hrm.settingstest.BearerTokenGenerationTest@710c2b53]" started-at="2024-09-20T12:56:30Z" name="configAC" finished-at="2024-09-20T12:56:30Z" duration-ms="531" status="PASS">
          <reporter-output>
          </reporter-output>
        </test-method> <!-- configAC -->
      </class> <!-- com.bpl.hrm.settingstest.BearerTokenGenerationTest -->
      <class name="com.bpl.hrm.employeetest.AssignProjectToEmployeeTest">
        <test-method is-config="true" signature="configBC()[pri:0, instance:com.bpl.hrm.employeetest.AssignProjectToEmployeeTest@1caa0244]" started-at="2024-09-20T12:57:23Z" name="configBC" finished-at="2024-09-20T12:57:25Z" duration-ms="2425" status="PASS">
          <reporter-output>
          </reporter-output>
        </test-method> <!-- configBC -->
        <test-method is-config="true" signature="configBM()[pri:0, instance:com.bpl.hrm.employeetest.AssignProjectToEmployeeTest@1caa0244]" started-at="2024-09-20T12:57:25Z" name="configBM" finished-at="2024-09-20T12:57:28Z" duration-ms="2642" status="PASS">
          <reporter-output>
          </reporter-output>
        </test-method> <!-- configBM -->
        <test-method signature="modifyEmpDetails()[pri:0, instance:com.bpl.hrm.employeetest.AssignProjectToEmployeeTest@1caa0244]" started-at="2024-09-20T12:57:28Z" name="modifyEmpDetails" finished-at="2024-09-20T12:57:32Z" duration-ms="4164" status="PASS">
          <reporter-output>
          </reporter-output>
        </test-method> <!-- modifyEmpDetails -->
        <test-method is-config="true" signature="configAM()[pri:0, instance:com.bpl.hrm.employeetest.AssignProjectToEmployeeTest@1caa0244]" started-at="2024-09-20T12:57:32Z" name="configAM" finished-at="2024-09-20T12:57:41Z" duration-ms="9216" status="PASS">
          <reporter-output>
          </reporter-output>
        </test-method> <!-- configAM -->
        <test-method is-config="true" signature="configAC()[pri:0, instance:com.bpl.hrm.employeetest.AssignProjectToEmployeeTest@1caa0244]" started-at="2024-09-20T12:57:41Z" name="configAC" finished-at="2024-09-20T12:57:42Z" duration-ms="541" status="PASS">
          <reporter-output>
          </reporter-output>
        </test-method> <!-- configAC -->
      </class> <!-- com.bpl.hrm.employeetest.AssignProjectToEmployeeTest -->
      <class name="com.bpl.hrm.employeetest.ModifyEmployeeTest">
        <test-method is-config="true" signature="configBC()[pri:0, instance:com.bpl.hrm.employeetest.ModifyEmployeeTest@cecf639]" started-at="2024-09-20T12:57:00Z" name="configBC" finished-at="2024-09-20T12:57:03Z" duration-ms="2674" status="PASS">
          <reporter-output>
          </reporter-output>
        </test-method> <!-- configBC -->
        <test-method is-config="true" signature="configBM()[pri:0, instance:com.bpl.hrm.employeetest.ModifyEmployeeTest@cecf639]" started-at="2024-09-20T12:57:03Z" name="configBM" finished-at="2024-09-20T12:57:07Z" duration-ms="3399" status="PASS">
          <reporter-output>
          </reporter-output>
        </test-method> <!-- configBM -->
        <test-method signature="modifyEmpDetails()[pri:0, instance:com.bpl.hrm.employeetest.ModifyEmployeeTest@cecf639]" started-at="2024-09-20T12:57:07Z" name="modifyEmpDetails" finished-at="2024-09-20T12:57:15Z" duration-ms="8220" status="PASS">
          <reporter-output>
          </reporter-output>
        </test-method> <!-- modifyEmpDetails -->
        <test-method is-config="true" signature="configAM()[pri:0, instance:com.bpl.hrm.employeetest.ModifyEmployeeTest@cecf639]" started-at="2024-09-20T12:57:15Z" name="configAM" finished-at="2024-09-20T12:57:22Z" duration-ms="7345" status="PASS">
          <reporter-output>
          </reporter-output>
        </test-method> <!-- configAM -->
        <test-method is-config="true" signature="configAC()[pri:0, instance:com.bpl.hrm.employeetest.ModifyEmployeeTest@cecf639]" started-at="2024-09-20T12:57:22Z" name="configAC" finished-at="2024-09-20T12:57:23Z" duration-ms="674" status="PASS">
          <reporter-output>
          </reporter-output>
        </test-method> <!-- configAC -->
      </class> <!-- com.bpl.hrm.employeetest.ModifyEmployeeTest -->
    </test> <!-- Test -->
  </suite> <!-- Suite -->
</testng-results>
