<?xml version="1.0" encoding="UTF-8"?>
<!-- Generated by org.testng.reporters.JUnitXMLReporter -->
<testsuite ignored="12" hostname="DESKTOP-S552G9G" failures="0" tests="7" name="Test" time="129.688" errors="0" timestamp="20 Sept 2024 12:57:59 GMT">
  <testcase classname="com.bpl.hrm.payrolltest.ActivePayrollTest" name="updatePayroll" time="12.691"/>
  <testcase classname="com.bpl.hrm.settingstest.BearerTokenGenerationTest" name="bearerTokenGeneration" time="0.491"/>
  <testcase classname="com.bpl.hrm.projectstest.ExportProjectsTest" name="exportProjectDetails" time="1.086"/>
  <testcase classname="com.bpl.hrm.resourcestest.DownloadFileFromResourcesTest" name="downloadExcelFile" time="1.748"/>
  <testcase classname="com.bpl.hrm.employeetest.ModifyEmployeeTest" name="modifyEmpDetails" time="8.22"/>
  <testcase classname="com.bpl.hrm.employeetest.AssignProjectToEmployeeTest" name="modifyEmpDetails" time="4.164"/>
  <testcase classname="com.bpl.hrm.projectstest.DeleteProjectTest" name="deleteProject" time="4.358"/>
  <testcase classname="com.bpl.hrm.basetest.BaseClass" name="@BeforeSuite configBS" time="0.0">
    <ignored/>
  </testcase> <!-- @BeforeSuite configBS -->
  <testcase classname="com.bpl.hrm.basetest.BaseClass" name="@BeforeSuite configBS" time="0.0">
    <ignored/>
  </testcase> <!-- @BeforeSuite configBS -->
  <testcase classname="com.bpl.hrm.basetest.BaseClass" name="@BeforeSuite configBS" time="0.0">
    <ignored/>
  </testcase> <!-- @BeforeSuite configBS -->
  <testcase classname="com.bpl.hrm.basetest.BaseClass" name="@BeforeSuite configBS" time="0.0">
    <ignored/>
  </testcase> <!-- @BeforeSuite configBS -->
  <testcase classname="com.bpl.hrm.basetest.BaseClass" name="@BeforeSuite configBS" time="0.0">
    <ignored/>
  </testcase> <!-- @BeforeSuite configBS -->
  <testcase classname="com.bpl.hrm.basetest.BaseClass" name="@BeforeSuite configBS" time="0.0">
    <ignored/>
  </testcase> <!-- @BeforeSuite configBS -->
  <testcase classname="com.bpl.hrm.basetest.BaseClass" name="@AfterSuite configAS" time="0.0">
    <ignored/>
  </testcase> <!-- @AfterSuite configAS -->
  <testcase classname="com.bpl.hrm.basetest.BaseClass" name="@AfterSuite configAS" time="0.0">
    <ignored/>
  </testcase> <!-- @AfterSuite configAS -->
  <testcase classname="com.bpl.hrm.basetest.BaseClass" name="@AfterSuite configAS" time="0.0">
    <ignored/>
  </testcase> <!-- @AfterSuite configAS -->
  <testcase classname="com.bpl.hrm.basetest.BaseClass" name="@AfterSuite configAS" time="0.0">
    <ignored/>
  </testcase> <!-- @AfterSuite configAS -->
  <testcase classname="com.bpl.hrm.basetest.BaseClass" name="@AfterSuite configAS" time="0.0">
    <ignored/>
  </testcase> <!-- @AfterSuite configAS -->
  <testcase classname="com.bpl.hrm.basetest.BaseClass" name="@AfterSuite configAS" time="0.0">
    <ignored/>
  </testcase> <!-- @AfterSuite configAS -->
</testsuite> <!-- Test -->
