<?xml version="1.0" encoding="UTF-8"?>
<!-- Generated by org.testng.reporters.JUnitXMLReporter -->
<testsuite ignored="4" hostname="DESKTOP-S552G9G" failures="0" tests="4" name="Test_Runner_2" time="62.182" errors="0" timestamp="23 Sept 2024 07:24:45 GMT">
  <testcase classname="com.bpl.hrm.projectstest.ProjectsTest" name="deleteProject" time="7.183"/>
  <testcase classname="com.bpl.hrm.projectstest.ProjectsTest" name="exportProjectDetails" time="1.196"/>
  <testcase classname="com.bpl.hrm.settingstest.BearerTokenGenerationTest" name="bearerTokenGeneration" time="1.564"/>
  <testcase classname="com.bpl.hrm.resourcestest.DownloadFileFromResourcesTest" name="downloadExcelFile" time="2.133"/>
  <testcase classname="com.bpl.hrm.basetest.BaseClass" name="@BeforeSuite configBS" time="0.0">
    <ignored/>
  </testcase> <!-- @BeforeSuite configBS -->
  <testcase classname="com.bpl.hrm.basetest.BaseClass" name="@BeforeSuite configBS" time="0.0">
    <ignored/>
  </testcase> <!-- @BeforeSuite configBS -->
  <testcase classname="com.bpl.hrm.basetest.BaseClass" name="@AfterSuite configAS" time="0.0">
    <ignored/>
  </testcase> <!-- @AfterSuite configAS -->
  <testcase classname="com.bpl.hrm.basetest.BaseClass" name="@AfterSuite configAS" time="0.0">
    <ignored/>
  </testcase> <!-- @AfterSuite configAS -->
</testsuite> <!-- Test_Runner_2 -->
