<?xml version="1.0" encoding="UTF-8"?>
<!-- Generated by org.testng.reporters.JUnitXMLReporter -->
<testsuite ignored="8" hostname="DESKTOP-S552G9G" failures="0" tests="7" name="Test" time="107.766" errors="0" timestamp="23 Sept 2024 07:53:46 GMT">
  <testcase classname="com.bpl.hrm.employeetest.AssignProjectToEmployeeTest" name="assignProjectToEmployee" time="7.108"/>
  <testcase classname="com.bpl.hrm.employeetest.AssignProjectToEmployeeTest" name="modifyEmpDetailsTest" time="6.419"/>
  <testcase classname="com.bpl.hrm.payrolltest.UpdatePayrollTest" name="updatePayroll" time="5.662"/>
  <testcase classname="com.bpl.hrm.projectstest.ProjectsTest" name="deleteProject" time="5.103"/>
  <testcase classname="com.bpl.hrm.projectstest.ProjectsTest" name="exportProjectDetails" time="1.042"/>
  <testcase classname="com.bpl.hrm.settingstest.BearerTokenGenerationTest" name="bearerTokenGeneration" time="0.597"/>
  <testcase classname="com.bpl.hrm.resourcestest.DownloadFileFromResourcesTest" name="downloadExcelFile" time="1.561"/>
  <testcase classname="com.bpl.hrm.basetest.BaseClass" name="@BeforeSuite configBS" time="0.0">
    <ignored/>
  </testcase> <!-- @BeforeSuite configBS -->
  <testcase classname="com.bpl.hrm.basetest.BaseClass" name="@BeforeSuite configBS" time="0.0">
    <ignored/>
  </testcase> <!-- @BeforeSuite configBS -->
  <testcase classname="com.bpl.hrm.basetest.BaseClass" name="@BeforeSuite configBS" time="0.0">
    <ignored/>
  </testcase> <!-- @BeforeSuite configBS -->
  <testcase classname="com.bpl.hrm.basetest.BaseClass" name="@BeforeSuite configBS" time="0.0">
    <ignored/>
  </testcase> <!-- @BeforeSuite configBS -->
  <testcase classname="com.bpl.hrm.basetest.BaseClass" name="@AfterSuite configAS" time="0.0">
    <ignored/>
  </testcase> <!-- @AfterSuite configAS -->
  <testcase classname="com.bpl.hrm.basetest.BaseClass" name="@AfterSuite configAS" time="0.0">
    <ignored/>
  </testcase> <!-- @AfterSuite configAS -->
  <testcase classname="com.bpl.hrm.basetest.BaseClass" name="@AfterSuite configAS" time="0.0">
    <ignored/>
  </testcase> <!-- @AfterSuite configAS -->
  <testcase classname="com.bpl.hrm.basetest.BaseClass" name="@AfterSuite configAS" time="0.0">
    <ignored/>
  </testcase> <!-- @AfterSuite configAS -->
</testsuite> <!-- Test -->
